<?xml version="1.0" encoding="UTF-8"?>
<!-- Generated by org.testng.reporters.JUnitReportReporter -->
<testsuite skipped="0" hostname="DESKTOP-OFB923L" name="script.ValidLogin" tests="1" failures="0" timestamp="19 Dec 2017 09:09:45 GMT" time="6.932" errors="0">
  <testcase name="testValidLogin" time="6.932" classname="script.ValidLogin"/>
</testsuite> <!-- script.ValidLogin -->
